<?xml version="1.0" encoding="UTF-8"?>
<!-- Generated by org.testng.reporters.JUnitReportReporter -->
<testsuite skipped="0" hostname="LAPTOP-ADF0UDSS" name="com.orangehrmlive.demo.testsuite.LoginPageTest" tests="2" failures="0" timestamp="2022-12-11T18:32:29 GMT" time="16.600" errors="0">
  <testcase name="userShouldLoginSuccessfullyWithValidCredentials" time="10.523" classname="com.orangehrmlive.demo.testsuite.LoginPageTest"/>
  <system-out>
    <![CDATA[Enter username Admin to username field [[ChromeDriver: chrome on WINDOWS (f7259d25dc4733c62841c1df6f5270ec)] -> name: username]
Enter password admin123 to password field [[ChromeDriver: chrome on WINDOWS (f7259d25dc4733c62841c1df6f5270ec)] -> name: password]
Clicking on Login Button [[ChromeDriver: chrome on WINDOWS (f7259d25dc4733c62841c1df6f5270ec)] -> xpath: //button[text()=' Login ']]
Verify Dashboard text is displayed[[ChromeDriver: chrome on WINDOWS (f7259d25dc4733c62841c1df6f5270ec)] -> xpath: //h6[text()='Dashboard']]
Click to see screenshot
<a target = "_blank" href=C:\Users\balar\IdeaProjects\orangehrm-Pagefactory-Project1-ManishaMavani/test-output/html/userShouldLoginSuccessfullyWithValidCredentialsSun_Dec_11_18_32_20_GMT_2022.jpg>Screenshot</a>
<br>
<br>
<a target = "_blank" href=C:\Users\balar\IdeaProjects\orangehrm-Pagefactory-Project1-ManishaMavani/test-output/html/userShouldLoginSuccessfullyWithValidCredentialsSun_Dec_11_18_32_20_GMT_2022.jpg><img src=C:\Users\balar\IdeaProjects\orangehrm-Pagefactory-Project1-ManishaMavani/test-output/html/userShouldLoginSuccessfullyWithValidCredentialsSun_Dec_11_18_32_20_GMT_2022.jpg height=200 width=200></img></a>]]>
  </system-out>
  <testcase name="userShouldNavigateToForgotPasswordPageSuccessfully" time="6.077" classname="com.orangehrmlive.demo.testsuite.LoginPageTest"/>
  <system-out>
    <![CDATA[Clicking on Forgot Password Link [[ChromeDriver: chrome on WINDOWS (d4ed3d60bb0c5a357150deff74615525)] -> xpath: //p[text()='Forgot your password? ']]
Verify Reset Password text is displayed [[ChromeDriver: chrome on WINDOWS (d4ed3d60bb0c5a357150deff74615525)] -> xpath: //h6[text()='Reset Password']]
Click to see screenshot
<a target = "_blank" href=C:\Users\balar\IdeaProjects\orangehrm-Pagefactory-Project1-ManishaMavani/test-output/html/userShouldNavigateToForgotPasswordPageSuccessfullySun_Dec_11_18_32_27_GMT_2022.jpg>Screenshot</a>
<br>
<br>
<a target = "_blank" href=C:\Users\balar\IdeaProjects\orangehrm-Pagefactory-Project1-ManishaMavani/test-output/html/userShouldNavigateToForgotPasswordPageSuccessfullySun_Dec_11_18_32_27_GMT_2022.jpg><img src=C:\Users\balar\IdeaProjects\orangehrm-Pagefactory-Project1-ManishaMavani/test-output/html/userShouldNavigateToForgotPasswordPageSuccessfullySun_Dec_11_18_32_27_GMT_2022.jpg height=200 width=200></img></a>]]>
  </system-out>
</testsuite> <!-- com.orangehrmlive.demo.testsuite.LoginPageTest -->
